<?xml version="1.0" encoding="UTF-8"?>
<testng-results skipped="0" failed="0" ignored="0" total="1" passed="1">
  <reporter-output>
  </reporter-output>
  <suite name="Default suite" duration-ms="7526" started-at="2021-05-27T11:01:33Z" finished-at="2021-05-27T11:01:41Z">
    <groups>
    </groups>
    <test name="Default test" duration-ms="7526" started-at="2021-05-27T11:01:33Z" finished-at="2021-05-27T11:01:41Z">
      <class name="com.crm.ParameterAuthentication.Oauth2Authentication">
        <test-method status="PASS" signature="Oauth2Test()[pri:0, instance:com.crm.ParameterAuthentication.Oauth2Authentication@1b604f19]" name="Oauth2Test" duration-ms="7478" started-at="2021-05-27T11:01:33Z" finished-at="2021-05-27T11:01:41Z">
          <reporter-output>
          </reporter-output>
        </test-method> <!-- Oauth2Test -->
      </class> <!-- com.crm.ParameterAuthentication.Oauth2Authentication -->
    </test> <!-- Default test -->
  </suite> <!-- Default suite -->
</testng-results>
